<?xml version="1.0" encoding="UTF-8"?>
<testng-results ignored="0" total="1" passed="1" failed="0" skipped="0">
  <reporter-output>
  </reporter-output>
  <suite started-at="2023-10-01T13:09:19 EDT" name="Default suite" finished-at="2023-10-01T13:09:23 EDT" duration-ms="4178">
    <groups>
      <group name="cucumber">
        <method signature="AbstractTestNGCucumberTests.feature(cucumber.api.testng.CucumberFeatureWrapper)[pri:0, instance:boishak_TestRunner.boishak_Testrunner@4e5ed836]" name="feature" class="cucumber.api.testng.AbstractTestNGCucumberTests"/>
      </group> <!-- cucumber -->
    </groups>
    <test started-at="2023-10-01T13:09:19 EDT" name="Default test" finished-at="2023-10-01T13:09:23 EDT" duration-ms="4178">
      <class name="boishak_TestRunner.boishak_Testrunner">
        <test-method is-config="true" signature="boiStarturl()[pri:0, instance:boishak_TestRunner.boishak_Testrunner@4e5ed836]" started-at="2023-10-01T13:09:19 EDT" name="boiStarturl" finished-at="2023-10-01T13:09:21 EDT" duration-ms="2293" status="PASS">
          <reporter-output>
          </reporter-output>
        </test-method> <!-- boiStarturl -->
        <test-method is-config="true" signature="setUpClass()[pri:0, instance:boishak_TestRunner.boishak_Testrunner@4e5ed836]" started-at="2023-10-01T13:09:21 EDT" name="setUpClass" finished-at="2023-10-01T13:09:21 EDT" duration-ms="179" status="PASS">
          <reporter-output>
          </reporter-output>
        </test-method> <!-- setUpClass -->
        <test-method signature="feature(cucumber.api.testng.CucumberFeatureWrapper)[pri:0, instance:boishak_TestRunner.boishak_Testrunner@4e5ed836]" started-at="2023-10-01T13:09:21 EDT" name="feature" description="Runs Cucumber Feature" data-provider="features" finished-at="2023-10-01T13:09:23 EDT" duration-ms="1600" status="PASS">
          <params>
            <param index="0">
              <value>
                <![CDATA[This is contact link functionality]]>
              </value>
            </param>
          </params>
          <reporter-output>
          </reporter-output>
        </test-method> <!-- feature -->
        <test-method is-config="true" signature="tearDownClass()[pri:0, instance:boishak_TestRunner.boishak_Testrunner@4e5ed836]" started-at="2023-10-01T13:09:23 EDT" name="tearDownClass" finished-at="2023-10-01T13:09:23 EDT" duration-ms="9" status="PASS">
          <reporter-output>
          </reporter-output>
        </test-method> <!-- tearDownClass -->
        <test-method is-config="true" signature="boiCloseurl()[pri:0, instance:boishak_TestRunner.boishak_Testrunner@4e5ed836]" started-at="2023-10-01T13:09:23 EDT" name="boiCloseurl" finished-at="2023-10-01T13:09:23 EDT" duration-ms="1" status="PASS">
          <reporter-output>
          </reporter-output>
        </test-method> <!-- boiCloseurl -->
      </class> <!-- boishak_TestRunner.boishak_Testrunner -->
    </test> <!-- Default test -->
  </suite> <!-- Default suite -->
</testng-results>
